2023.12.24 05:53:09,367	INFO	1	org.l2jmobius.commons.util.IXmlReader	Network Config: ipconfig.xml doesn't exist using automatic configuration...
2023.12.24 05:53:09,761	INFO	1	org.l2jmobius.commons.util.IXmlReader	Network Config: Adding new subnet: 127.0.0.0/8 address: 127.0.0.1
2023.12.24 05:53:09,773	INFO	1	org.l2jmobius.commons.util.IXmlReader	Network Config: Adding new subnet: 192.168.100.0/24 address: 192.168.100.190
2023.12.24 05:53:09,786	INFO	1	org.l2jmobius.commons.util.IXmlReader	Network Config: Adding new subnet: 25.0.0.0/8 address: 25.9.7.76
2023.12.24 05:53:09,797	INFO	1	org.l2jmobius.commons.util.IXmlReader	Network Config: Adding new subnet: 0.0.0.0/0 address: 45.168.248.202
2023.12.24 05:53:09,819	INFO	1	org.l2jmobius.Config	Loaded 6 Filter Words.
2023.12.24 05:53:09,827	INFO	1	org.l2jmobius.gameserver.GameServer	------------------------------------------------=[ Database ]
2023.12.24 05:53:09,989	INFO	1	org.l2jmobius.commons.database.DatabaseFactory	Database: Initialized.
2023.12.24 05:53:09,989	INFO	1	org.l2jmobius.gameserver.GameServer	----------------------------------------------=[ ThreadPool ]
2023.12.24 05:53:09,990	INFO	1	org.l2jmobius.commons.threads.ThreadPool	ThreadPool: Initialized
2023.12.24 05:53:09,995	INFO	1	org.l2jmobius.commons.threads.ThreadPool	...scheduled pool executor with 48 total threads.
2023.12.24 05:53:09,995	INFO	1	org.l2jmobius.commons.threads.ThreadPool	...instant pool executor with 24 total threads.
2023.12.24 05:53:09,996	INFO	1	org.l2jmobius.gameserver.GameServer	-----------------------------------------------=[ IdManager ]
2023.12.24 05:53:09,997	INFO	1	org.l2jmobius.gameserver.instancemanager.IdManager	Updated characters online status.
2023.12.24 05:53:10,068	INFO	1	org.l2jmobius.gameserver.instancemanager.IdManager	IdManager: Cleaned 0 elements from database in 0 seconds.
2023.12.24 05:53:10,071	INFO	1	org.l2jmobius.gameserver.instancemanager.IdManager	IdManager: Cleaned 0 expired timestamps from database.
2023.12.24 05:53:10,081	INFO	1	org.l2jmobius.gameserver.instancemanager.IdManager	IdManager: 102912 id's available.
2023.12.24 05:53:10,081	INFO	1	org.l2jmobius.gameserver.GameServer	----------------------------------------=[ Scripting Engine ]
2023.12.24 05:53:10,191	INFO	1	org.l2jmobius.gameserver.scripting.ScriptEngineManager	Loaded 845 files to exclude.
2023.12.24 05:53:10,192	INFO	1	org.l2jmobius.gameserver.GameServer	---------------------------------------------------=[ World ]
2023.12.24 05:53:10,226	INFO	1	org.l2jmobius.gameserver.model.World	World: (288 by 272) World Region Grid set up.
2023.12.24 05:53:10,430	INFO	1	org.l2jmobius.gameserver.instancemanager.MapRegionManager	MapRegionManager: Loaded 57 map regions.
2023.12.24 05:53:10,434	INFO	1	org.l2jmobius.gameserver.instancemanager.ZoneManager	ZoneManager 19 by 18 Zone Region Grid set up.
2023.12.24 05:53:10,875	INFO	1	org.l2jmobius.gameserver.instancemanager.ZoneManager	ZoneManager: Loaded 34 zone classes and 2745 zones.
2023.12.24 05:53:10,878	INFO	1	org.l2jmobius.gameserver.instancemanager.ZoneManager	ZoneManager: Last static id 202208.
2023.12.24 05:53:11,155	INFO	1	org.l2jmobius.gameserver.data.xml.DoorData	DoorData: Loaded 1196 doors.
2023.12.24 05:53:11,167	INFO	1	FenceData	FenceData: Loaded 1 fences.
2023.12.24 05:53:11,175	INFO	1	org.l2jmobius.gameserver.instancemanager.GlobalVariablesManager	GlobalVariablesManager: Loaded 7 variables.
2023.12.24 05:53:11,175	INFO	1	org.l2jmobius.gameserver.GameServer	----------------------------------------------------=[ Data ]
2023.12.24 05:53:11,187	INFO	1	org.l2jmobius.gameserver.data.xml.ActionData	ActionData: Loaded 243 player actions.
2023.12.24 05:53:11,197	INFO	1	org.l2jmobius.gameserver.data.xml.CategoryData	CategoryData: Loaded 37 categories.
2023.12.24 05:53:11,206	INFO	1	org.l2jmobius.gameserver.data.xml.SecondaryAuthData	SecondaryAuthData: Loaded 328 forbidden passwords.
2023.12.24 05:53:11,213	INFO	1	org.l2jmobius.gameserver.data.xml.SayuneData	SayuneData: Loaded 0 maps.
2023.12.24 05:53:11,235	INFO	1	org.l2jmobius.gameserver.data.xml.ClanRewardData	ClanRewardData: Loaded 4 rewards for members online.
2023.12.24 05:53:11,235	INFO	1	org.l2jmobius.gameserver.data.xml.ClanRewardData	ClanRewardData: Loaded 4 rewards for hunting monsters.
2023.12.24 05:53:11,254	INFO	1	org.l2jmobius.gameserver.data.xml.MissionLevel	MissionLevel: Loaded 14 seasons.
2023.12.24 05:53:12,308	INFO	1	handlers.DailyMissionMasterHandler	DailyMissionMasterHandler: Loaded 13 handlers.
2023.12.24 05:53:12,338	INFO	1	org.l2jmobius.gameserver.data.xml.DailyMissionData	DailyMissionData: Loaded 112 one day rewards.
2023.12.24 05:53:12,348	INFO	1	org.l2jmobius.gameserver.data.xml.ElementalSpiritData	ElementalSpiritData: Loaded 4 elemental spirit templates.
2023.12.24 05:53:12,359	INFO	1	org.l2jmobius.gameserver.data.xml.SubjugationData	SubjugationData: Loaded 9 data.
2023.12.24 05:53:12,367	INFO	1	org.l2jmobius.gameserver.data.xml.SubjugationGacha	SubjugationGacha: Loaded 9 data.
2023.12.24 05:53:12,376	INFO	1	org.l2jmobius.gameserver.GameServer	--------------------------------------------------=[ Skills ]
2023.12.24 05:53:15,210	INFO	1	handlers.EffectMasterHandler	EffectMasterHandler: Loaded 410 effect handlers.
2023.12.24 05:53:15,217	INFO	1	org.l2jmobius.gameserver.data.xml.EnchantSkillGroupsData	EnchantSkillGroupsData: Loaded 30 enchant routes, max enchant set to 30.
2023.12.24 05:53:16,332	INFO	1	org.l2jmobius.gameserver.data.xml.SkillData	SkillData: Loaded 58681 Skills.
2023.12.24 05:53:16,617	INFO	1	org.l2jmobius.gameserver.data.xml.SkillTreeData	SkillTreeData: Loaded 20219 Class skills for 119 class skill trees.
2023.12.24 05:53:16,617	INFO	1	org.l2jmobius.gameserver.data.xml.SkillTreeData	SkillTreeData: Loaded 0 sub-class skills.
2023.12.24 05:53:16,618	INFO	1	org.l2jmobius.gameserver.data.xml.SkillTreeData	SkillTreeData: Loaded 0 dual-class skills.
2023.12.24 05:53:16,618	INFO	1	org.l2jmobius.gameserver.data.xml.SkillTreeData	SkillTreeData: Loaded 0 transfer skills for 0 transfer skill trees.
2023.12.24 05:53:16,618	INFO	1	org.l2jmobius.gameserver.data.xml.SkillTreeData	SkillTreeData: Loaded 0 race skills for 0 race skill trees.
2023.12.24 05:53:16,618	INFO	1	org.l2jmobius.gameserver.data.xml.SkillTreeData	SkillTreeData: Loaded 18 fishing skills, 8 Dwarven only fishing skills.
2023.12.24 05:53:16,618	INFO	1	org.l2jmobius.gameserver.data.xml.SkillTreeData	SkillTreeData: Loaded 0 collect skills.
2023.12.24 05:53:16,620	INFO	1	org.l2jmobius.gameserver.data.xml.SkillTreeData	SkillTreeData: Loaded 78 clan skills, 47 for clan and 31 residential.
2023.12.24 05:53:16,620	INFO	1	org.l2jmobius.gameserver.data.xml.SkillTreeData	SkillTreeData: Loaded 18 sub-pledge skills.
2023.12.24 05:53:16,620	INFO	1	org.l2jmobius.gameserver.data.xml.SkillTreeData	SkillTreeData: Loaded 0 transform skills.
2023.12.24 05:53:16,620	INFO	1	org.l2jmobius.gameserver.data.xml.SkillTreeData	SkillTreeData: Loaded 1 noble skills.
2023.12.24 05:53:16,620	INFO	1	org.l2jmobius.gameserver.data.xml.SkillTreeData	SkillTreeData: Loaded 1 hero skills.
2023.12.24 05:53:16,620	INFO	1	org.l2jmobius.gameserver.data.xml.SkillTreeData	SkillTreeData: Loaded 34 game master skills.
2023.12.24 05:53:16,620	INFO	1	org.l2jmobius.gameserver.data.xml.SkillTreeData	SkillTreeData: Loaded 1 game master aura skills.
2023.12.24 05:53:16,621	INFO	1	org.l2jmobius.gameserver.data.xml.SkillTreeData	SkillTreeData: Loaded 0 ability skills.
2023.12.24 05:53:16,621	INFO	1	org.l2jmobius.gameserver.data.xml.SkillTreeData	SkillTreeData: Loaded 0 alchemy skills.
2023.12.24 05:53:16,621	INFO	1	org.l2jmobius.gameserver.data.xml.SkillTreeData	SkillTreeData: Loaded 0 class awaken save skills.
2023.12.24 05:53:16,621	INFO	1	org.l2jmobius.gameserver.data.xml.SkillTreeData	SkillTreeData: Loaded 0 Revelation skills.
2023.12.24 05:53:16,621	INFO	1	org.l2jmobius.gameserver.data.xml.SkillTreeData	SkillTreeData: Loaded 1 common skills.
2023.12.24 05:53:16,632	INFO	1	org.l2jmobius.gameserver.data.xml.PetSkillData	PetSkillData: Loaded 883 skills.
2023.12.24 05:53:16,636	INFO	1	org.l2jmobius.gameserver.data.xml.PetAcquireList	PetAcquireList: Loaded 6 pet skills.
2023.12.24 05:53:16,636	INFO	1	org.l2jmobius.gameserver.GameServer	---------------------------------------------------=[ Items ]
2023.12.24 05:53:17,199	INFO	1	org.l2jmobius.gameserver.data.ItemTable	ItemTable: Highest item id used: 777002
2023.12.24 05:53:17,202	INFO	1	org.l2jmobius.gameserver.data.ItemTable	ItemTable: Loaded 12821 Etc Items
2023.12.24 05:53:17,203	INFO	1	org.l2jmobius.gameserver.data.ItemTable	ItemTable: Loaded 3066 Armor Items
2023.12.24 05:53:17,203	INFO	1	org.l2jmobius.gameserver.data.ItemTable	ItemTable: Loaded 2219 Weapon Items
2023.12.24 05:53:17,203	INFO	1	org.l2jmobius.gameserver.data.ItemTable	ItemTable: Loaded 18106 Items in total.
2023.12.24 05:53:17,207	INFO	1	org.l2jmobius.gameserver.data.xml.EnchantItemGroupsData	EnchantItemGroupsData: Loaded 26 item group templates.
2023.12.24 05:53:17,207	INFO	1	org.l2jmobius.gameserver.data.xml.EnchantItemGroupsData	EnchantItemGroupsData: Loaded 4 scroll group templates.
2023.12.24 05:53:17,207	INFO	1	org.l2jmobius.gameserver.data.xml.EnchantItemGroupsData	EnchantItemGroupsData: Max weapon enchant is set to 16.
2023.12.24 05:53:17,207	INFO	1	org.l2jmobius.gameserver.data.xml.EnchantItemGroupsData	EnchantItemGroupsData: Max armor enchant is set to 10.
2023.12.24 05:53:17,207	INFO	1	org.l2jmobius.gameserver.data.xml.EnchantItemGroupsData	EnchantItemGroupsData: Max accessory enchant is set to 10.
2023.12.24 05:53:17,212	INFO	1	org.l2jmobius.gameserver.data.xml.EnchantItemData	EnchantItemData: Loaded 89 enchant scrolls.
2023.12.24 05:53:17,212	INFO	1	org.l2jmobius.gameserver.data.xml.EnchantItemData	EnchantItemData: Loaded 0 support items.
2023.12.24 05:53:17,495	INFO	1	org.l2jmobius.gameserver.data.xml.OptionData	OptionData: Loaded 15487 options.
2023.12.24 05:53:17,500	INFO	1	org.l2jmobius.gameserver.data.xml.EnchantItemOptionsData	EnchantItemOptionsData: Loaded 54 items and 541 options.
2023.12.24 05:53:17,503	INFO	1	org.l2jmobius.gameserver.data.xml.EnchantChallengePointData	EnchantChallengePointData: Loaded 3 groups and 6 options.
2023.12.24 05:53:17,506	INFO	1	org.l2jmobius.commons.util.IXmlReader	ElementalAttributeData: Loaded 0 elemental attribute items.
2023.12.24 05:53:17,511	INFO	1	org.l2jmobius.gameserver.data.xml.ItemCrystallizationData	ItemCrystallizationData: Loaded 12 crystallization templates.
2023.12.24 05:53:17,518	INFO	1	org.l2jmobius.gameserver.data.xml.ItemCrystallizationData	ItemCrystallizationData: Loaded 65 weapon enchant failure rewards.
2023.12.24 05:53:17,518	INFO	1	org.l2jmobius.gameserver.data.xml.ItemCrystallizationData	ItemCrystallizationData: Loaded 35 armor enchant failure rewards.
2023.12.24 05:53:17,561	INFO	1	VariationData	VariationData: Loaded 27 item groups.
2023.12.24 05:53:17,561	INFO	1	VariationData	VariationData: Loaded 37 variations.
2023.12.24 05:53:17,561	INFO	1	VariationData	VariationData: Loaded 1569 fees.
2023.12.24 05:53:17,574	INFO	1	org.l2jmobius.gameserver.data.xml.EnsoulData	EnsoulData: Loaded 210 fees.
2023.12.24 05:53:17,574	INFO	1	org.l2jmobius.gameserver.data.xml.EnsoulData	EnsoulData: Loaded 810 options.
2023.12.24 05:53:17,575	INFO	1	org.l2jmobius.gameserver.data.xml.EnsoulData	EnsoulData: Loaded 250 stones.
2023.12.24 05:53:17,576	INFO	1	org.l2jmobius.gameserver.data.xml.EnchantItemHPBonusData	EnchantItemHPBonusData: Loaded 11 enchant HP bonuses.
2023.12.24 05:53:17,875	INFO	1	org.l2jmobius.gameserver.data.xml.BuyListData	BuyListData: Loaded 448 buyLists.
2023.12.24 05:53:17,995	WARNING	1	org.l2jmobius.gameserver.data.xml.MultisellData	Buy price 1 is less than sell price 13484200 at entry 24 of multisell 600033.
2023.12.24 05:53:17,996	WARNING	1	org.l2jmobius.gameserver.data.xml.MultisellData	Buy price 1 is less than sell price 11951000 at entry 1 of multisell 600034.
2023.12.24 05:53:17,996	INFO	1	org.l2jmobius.gameserver.data.xml.MultisellData	MultisellData: Loaded 159 multisell lists.
2023.12.24 05:53:18,006	INFO	1	org.l2jmobius.gameserver.data.xml.CombinationItemsData	CombinationItemsData: Loaded 638 combinations.
2023.12.24 05:53:18,009	INFO	1	org.l2jmobius.gameserver.data.xml.EquipmentUpgradeData	EquipmentUpgradeData: Loaded 74 upgrade equipment data.
2023.12.24 05:53:18,014	INFO	1	org.l2jmobius.gameserver.data.xml.EquipmentUpgradeNormalData	EquipmentUpgradeNormalData: Loaded 68 upgrade-normal equipment data. Adena commission is 100.
2023.12.24 05:53:18,019	INFO	1	org.l2jmobius.gameserver.data.xml.AgathionData	AgathionData: Loaded 50 agathion data.
2023.12.24 05:53:18,021	INFO	1	org.l2jmobius.gameserver.data.xml.RaidTeleportListData	RaidTeleportListData: Loaded 98 teleports.
2023.12.24 05:53:18,034	INFO	1	org.l2jmobius.gameserver.data.xml.RecipeData	RecipeData: Loaded 594 recipes.
2023.12.24 05:53:18,042	INFO	1	org.l2jmobius.gameserver.data.xml.ArmorSetData	ArmorSetData: Loaded 51 armor sets.
2023.12.24 05:53:18,045	INFO	1	org.l2jmobius.gameserver.data.xml.FishingData	FishingData: Loaded 2 bait and 2 rod data.
2023.12.24 05:53:18,065	INFO	1	org.l2jmobius.gameserver.data.xml.HennaData	HennaData: Loaded 126 henna data.
2023.12.24 05:53:18,069	INFO	1	org.l2jmobius.gameserver.data.xml.HennaCombinationData	HennaCombinationData: Loaded 120 henna combinations.
2023.12.24 05:53:18,071	INFO	1	org.l2jmobius.gameserver.data.xml.HennaPatternPotentialData	HennaPatternPotentialData: Loaded 3 dye pattern fee data.
2023.12.24 05:53:18,074	INFO	1	org.l2jmobius.gameserver.data.xml.PrimeShopData	PrimeShopData: System is disabled.
2023.12.24 05:53:18,078	INFO	1	org.l2jmobius.gameserver.data.xml.LimitShopData	LimitShopData: Loaded 75 items.
2023.12.24 05:53:18,090	INFO	1	org.l2jmobius.gameserver.data.xml.LimitShopData	LimitShopCraftData: Loaded 434 items.
2023.12.24 05:53:18,091	INFO	1	org.l2jmobius.gameserver.data.xml.LimitShopClanData	LimitShopClanData: Loaded 8 items.
2023.12.24 05:53:18,110	INFO	1	org.l2jmobius.gameserver.data.xml.CollectionData	CollectionData: Loaded 465 collections.
2023.12.24 05:53:18,112	INFO	1	org.l2jmobius.gameserver.data.xml.RaidDropAnnounceData	RaidDropAnnounceData: Loaded 258 raid drop announce data.
2023.12.24 05:53:18,116	INFO	1	org.l2jmobius.gameserver.data.xml.AppearanceItemData	AppearanceItemData: Loaded 2 stones.
2023.12.24 05:53:18,130	INFO	1	org.l2jmobius.gameserver.instancemanager.PrivateStoreHistoryManager	PrivateStoreHistoryManager: Loaded 0 items history.
2023.12.24 05:53:18,134	INFO	1	org.l2jmobius.commons.util.IXmlReader	LuckyGameData: Loaded 2 lucky game data.
2023.12.24 05:53:18,135	INFO	1	org.l2jmobius.gameserver.data.xml.AttendanceRewardData	AttendanceRewardData: Disabled.
2023.12.24 05:53:18,138	INFO	1	org.l2jmobius.commons.util.IXmlReader	MagicLampData: Loaded 9 magic lamps.
2023.12.24 05:53:18,145	INFO	1	org.l2jmobius.commons.util.IXmlReader	RandomCraftData: Loaded 1181 extraction data.
2023.12.24 05:53:18,149	INFO	1	org.l2jmobius.commons.util.IXmlReader	RandomCraftData: Loaded 922 rewards.
2023.12.24 05:53:18,152	INFO	1	org.l2jmobius.gameserver.GameServer	----------------------------------------------=[ Characters ]
2023.12.24 05:53:18,155	INFO	1	org.l2jmobius.gameserver.data.xml.ClassListData	ClassListData: Loaded 119 class data.
2023.12.24 05:53:18,157	INFO	1	org.l2jmobius.gameserver.data.xml.InitialEquipmentData	InitialEquipmentData: Loaded 15 initial equipment data.
2023.12.24 05:53:18,159	INFO	1	org.l2jmobius.gameserver.data.xml.InitialShortcutData	InitialShortcutData: Loaded 6 initial global shortcuts data.
2023.12.24 05:53:18,159	INFO	1	org.l2jmobius.gameserver.data.xml.InitialShortcutData	InitialShortcutData: Loaded 5 initial shortcuts data.
2023.12.24 05:53:18,160	INFO	1	org.l2jmobius.gameserver.data.xml.InitialShortcutData	InitialShortcutData: Loaded 0 macro presets.
2023.12.24 05:53:18,161	INFO	1	org.l2jmobius.gameserver.data.xml.ExperienceData	ExperienceData: Loaded 100 levels.
2023.12.24 05:53:18,162	INFO	1	org.l2jmobius.gameserver.data.xml.ExperienceData	ExperienceData: Max Player Level is 99.
2023.12.24 05:53:18,162	INFO	1	org.l2jmobius.gameserver.data.xml.ExperienceData	ExperienceData: Max Pet Level is 99.
2023.12.24 05:53:18,165	INFO	1	org.l2jmobius.gameserver.data.xml.KarmaData	KarmaData: Loaded 99 karma modifiers.
2023.12.24 05:53:18,166	INFO	1	org.l2jmobius.gameserver.data.xml.HitConditionBonusData	HitConditionBonusData: Loaded hit condition bonuses.
2023.12.24 05:53:18,357	INFO	1	org.l2jmobius.gameserver.data.xml.PlayerTemplateData	PlayerTemplateData: Loaded 119 character templates.
2023.12.24 05:53:18,357	INFO	1	org.l2jmobius.gameserver.data.xml.PlayerTemplateData	PlayerTemplateData: Loaded 70686 level up gain records.
2023.12.24 05:53:18,359	INFO	1	org.l2jmobius.gameserver.data.sql.CharInfoTable	CharInfoTable: Loaded 60 char names.
2023.12.24 05:53:18,361	INFO	1	org.l2jmobius.gameserver.data.xml.AdminData	AdminData: Loaded 10 access levels.
2023.12.24 05:53:18,364	INFO	1	org.l2jmobius.gameserver.data.xml.AdminData	AdminData: Loaded 435 access commands.
2023.12.24 05:53:18,556	INFO	1	org.l2jmobius.gameserver.data.xml.PetDataTable	PetDataTable: Loaded 31 pets.
2023.12.24 05:53:18,561	INFO	1	org.l2jmobius.gameserver.data.xml.PetTypeData	PetTypeData: Loaded 168 pet types.
2023.12.24 05:53:18,569	INFO	1	org.l2jmobius.gameserver.data.xml.PetExtractData	PetExtractData: Loaded 6 pet extraction data.
2023.12.24 05:53:18,604	INFO	1	org.l2jmobius.gameserver.data.xml.CubicData	CubicData: Loaded 21 cubics.
2023.12.24 05:53:18,619	INFO	1	org.l2jmobius.gameserver.GameServer	---------------------------------------------------=[ Clans ]
2023.12.24 05:53:18,622	INFO	1	org.l2jmobius.gameserver.data.xml.ClanLevelData	ClanLevelData: Loaded 11 clan level data.
2023.12.24 05:53:18,630	INFO	1	org.l2jmobius.gameserver.communitybbs.Manager.ForumsBBSManager	ForumsBBSManager: Loaded 4 forums. Last forum id used: 4
2023.12.24 05:53:18,631	INFO	1	org.l2jmobius.gameserver.data.sql.ClanTable	ClanTable: Restored 0 clans from the database.
2023.12.24 05:53:18,637	INFO	1	org.l2jmobius.gameserver.data.xml.ResidenceFunctionsData	ResidenceFunctionsData: Loaded 8 functions.
2023.12.24 05:53:18,762	INFO	1	org.l2jmobius.gameserver.data.xml.ClanHallData	ClanHallData: Succesfully loaded 46 clan halls.
2023.12.24 05:53:18,764	INFO	1	org.l2jmobius.gameserver.instancemanager.ClanHallAuctionManager	ClanHallAuctionManager: Clan Hall Auction has started!
2023.12.24 05:53:18,781	INFO	1	org.l2jmobius.gameserver.instancemanager.ClanEntryManager	ClanEntryManager: Loaded 0 clan entries.
2023.12.24 05:53:18,783	INFO	1	org.l2jmobius.gameserver.instancemanager.ClanEntryManager	ClanEntryManager: Loaded 0 players in waiting list.
2023.12.24 05:53:18,784	INFO	1	org.l2jmobius.gameserver.instancemanager.ClanEntryManager	ClanEntryManager: Loaded 0 player applications.
2023.12.24 05:53:18,785	INFO	1	org.l2jmobius.gameserver.GameServer	-------------------------------------------------=[ Geodata ]
2023.12.24 05:53:21,921	INFO	1	org.l2jmobius.gameserver.geoengine.GeoEngine	GeoEngine: Loaded 236 regions.
2023.12.24 05:53:21,922	INFO	1	org.l2jmobius.gameserver.GameServer	----------------------------------------------------=[ NPCs ]
2023.12.24 05:53:23,238	INFO	1	org.l2jmobius.gameserver.data.xml.NpcData	NpcData: Loaded 7627 NPCs.
2023.12.24 05:53:23,253	INFO	1	org.l2jmobius.gameserver.data.xml.NpcData	NpcData: Loaded 16 custom NPCs.
2023.12.24 05:53:23,255	INFO	1	org.l2jmobius.gameserver.data.xml.FakePlayerData	FakePlayerData: Disabled.
2023.12.24 05:53:23,256	INFO	1	org.l2jmobius.gameserver.instancemanager.FakePlayerChatManager	FakePlayerChatManager: Disabled.
2023.12.24 05:53:23,781	INFO	1	org.l2jmobius.gameserver.data.xml.SpawnData	SpawnData: Loaded 35084 spawns
2023.12.24 05:53:23,793	INFO	1	org.l2jmobius.gameserver.instancemanager.WalkingManager	WalkingManager: Loaded 1 walking routes.
2023.12.24 05:53:23,806	INFO	1	org.l2jmobius.gameserver.data.xml.StaticObjectData	StaticObjectData: Loaded 87 static object templates.
2023.12.24 05:53:23,807	INFO	1	org.l2jmobius.gameserver.instancemanager.ItemAuctionManager	ItemAuctionManager: Disabled.
2023.12.24 05:53:23,830	INFO	1	org.l2jmobius.gameserver.instancemanager.CastleManager	CastleManager: Loaded 2 castles.
2023.12.24 05:53:23,841	INFO	1	org.l2jmobius.gameserver.data.SchemeBufferTable	SchemeBufferTable: Loaded 0 players schemes and 60 available buffs.
2023.12.24 05:53:23,847	INFO	1	org.l2jmobius.gameserver.instancemanager.GrandBossManager	GrandBossManager: Queen Ant(29001) status is 0
2023.12.24 05:53:23,848	INFO	1	org.l2jmobius.gameserver.instancemanager.GrandBossManager	GrandBossManager: Core(29006) status is 0
2023.12.24 05:53:23,848	INFO	1	org.l2jmobius.gameserver.instancemanager.GrandBossManager	GrandBossManager: Orfen(29014) status is 0
2023.12.24 05:53:23,848	INFO	1	org.l2jmobius.gameserver.instancemanager.GrandBossManager	GrandBossManager: Baium(29020) status is 3
2023.12.24 05:53:23,857	INFO	1	org.l2jmobius.gameserver.instancemanager.GrandBossManager	GrandBossManager: Next spawn date of Baium is Thu Dec 28 18:56:34 BRT 2023
2023.12.24 05:53:23,858	INFO	1	org.l2jmobius.gameserver.instancemanager.GrandBossManager	GrandBossManager: Zaken(29022) status is 0
2023.12.24 05:53:23,858	INFO	1	org.l2jmobius.gameserver.instancemanager.GrandBossManager	GrandBossManager: Antharas(29068) status is 0
2023.12.24 05:53:23,858	INFO	1	org.l2jmobius.gameserver.instancemanager.GrandBossManager	GrandBossManager: Loaded 6 instances.
2023.12.24 05:53:23,859	INFO	1	org.l2jmobius.gameserver.GameServer	------------------------------------------------=[ Instance ]
2023.12.24 05:53:23,865	INFO	1	org.l2jmobius.gameserver.instancemanager.InstanceManager	InstanceManager: Loaded 69 instance names.
2023.12.24 05:53:23,957	INFO	1	org.l2jmobius.gameserver.instancemanager.InstanceManager	InstanceManager: Loaded 25 instance templates.
2023.12.24 05:53:23,959	INFO	1	org.l2jmobius.gameserver.instancemanager.InstanceManager	InstanceManager: Loaded instance reenter times for 7 players.
2023.12.24 05:53:23,959	INFO	1	org.l2jmobius.gameserver.GameServer	------------------------------------------------=[ Olympiad ]
2023.12.24 05:53:23,967	INFO	1	org.l2jmobius.gameserver.model.olympiad.Olympiad	Olympiad System: Loading....
2023.12.24 05:53:23,967	INFO	1	org.l2jmobius.gameserver.model.olympiad.Olympiad	Olympiad System: Currently in Olympiad Period
2023.12.24 05:53:23,969	INFO	1	org.l2jmobius.gameserver.model.olympiad.Olympiad	Olympiad System: 24 days, 6 hours and 6 mins until period ends.
2023.12.24 05:53:23,969	INFO	1	org.l2jmobius.gameserver.model.olympiad.Olympiad	Olympiad System: Next weekly change is in 1 days, 16 hours and 42 mins.
2023.12.24 05:53:23,969	INFO	1	org.l2jmobius.gameserver.model.olympiad.Olympiad	Olympiad System: Loaded 0 Nobles
2023.12.24 05:53:23,973	INFO	1	org.l2jmobius.gameserver.model.olympiad.Olympiad	Olympiad System: Competition Period Starts in 5 days, 14 hours and 7 mins.
2023.12.24 05:53:23,974	INFO	1	org.l2jmobius.gameserver.model.olympiad.Olympiad	Olympiad System: Event starts/started: Fri Dec 29 20:00:23 BRT 2023
2023.12.24 05:53:23,979	INFO	1	org.l2jmobius.gameserver.model.olympiad.Hero	Hero System: Loaded 0 Heroes.
2023.12.24 05:53:23,979	INFO	1	org.l2jmobius.gameserver.model.olympiad.Hero	Hero System: Loaded 0 all time Heroes.
2023.12.24 05:53:23,979	INFO	1	org.l2jmobius.gameserver.GameServer	---------------------------------------------------=[ Cache ]
2023.12.24 05:53:23,982	INFO	1	org.l2jmobius.gameserver.cache.HtmCache	Html cache start...
2023.12.24 05:53:24,986	INFO	1	org.l2jmobius.gameserver.cache.HtmCache	Cache[HTML]: 3,427 megabytes on 4877 files loaded.
2023.12.24 05:53:24,992	INFO	1	org.l2jmobius.gameserver.data.sql.CrestTable	CrestTable: Loaded 0 Crests.
2023.12.24 05:53:24,999	INFO	1	org.l2jmobius.gameserver.data.xml.TeleportListData	TeleportListData: Loaded 132 teleports.
2023.12.24 05:53:25,000	INFO	1	org.l2jmobius.gameserver.instancemanager.SharedTeleportManager	SharedTeleportManager: initialized.
2023.12.24 05:53:25,426	INFO	1	org.l2jmobius.gameserver.data.xml.TeleporterData	TeleporterData: Loaded 106 npc teleporters.
2023.12.24 05:53:25,432	INFO	1	org.l2jmobius.gameserver.data.xml.TimedHuntingZoneData	TimedHuntingZoneData: Loaded 16 timed hunting zones.
2023.12.24 05:53:25,558	INFO	1	org.l2jmobius.gameserver.data.xml.TransformData	TransformData: Loaded 48 transform templates.
2023.12.24 05:53:25,575	INFO	1	org.l2jmobius.gameserver.data.BotReportTable	BotReportTable: Loaded 0 bot reports
2023.12.24 05:53:25,580	INFO	1	org.l2jmobius.gameserver.GameServer	-------------------------------------------------=[ Scripts ]
2023.12.24 05:53:25,594	INFO	1	org.l2jmobius.gameserver.instancemanager.AirShipManager	AirShipManager: Loaded 0 private airships
2023.12.24 05:53:25,607	INFO	1	org.l2jmobius.gameserver.data.xml.ShuttleData	ShuttleData: Loaded 3 shuttles.
2023.12.24 05:53:25,612	INFO	1	org.l2jmobius.gameserver.GameServer	GameServer: Loading server scripts:
2023.12.24 05:53:27,872	INFO	1	handlers.MasterHandler	Loading Handlers...
2023.12.24 05:53:27,957	INFO	1	handlers.MasterHandler	ActionHandler: Loaded 10 handlers.
2023.12.24 05:53:27,957	INFO	1	handlers.MasterHandler	ActionShiftHandler: Loaded 6 handlers.
2023.12.24 05:53:27,957	INFO	1	handlers.MasterHandler	AdminCommandHandler: Loaded 428 handlers.
2023.12.24 05:53:27,957	INFO	1	handlers.MasterHandler	BypassHandler: Loaded 33 handlers.
2023.12.24 05:53:27,959	INFO	1	handlers.MasterHandler	ChatHandler: Loaded 14 handlers.
2023.12.24 05:53:27,959	INFO	1	handlers.MasterHandler	CommunityBoardHandler: Loaded 24 handlers.
2023.12.24 05:53:27,959	INFO	1	handlers.MasterHandler	ItemHandler: Loaded 34 handlers.
2023.12.24 05:53:27,959	INFO	1	handlers.MasterHandler	PunishmentHandler: Loaded 3 handlers.
2023.12.24 05:53:27,959	INFO	1	handlers.MasterHandler	UserCommandHandler: Loaded 16 handlers.
2023.12.24 05:53:27,959	INFO	1	handlers.MasterHandler	VoicedCommandHandler: Loaded 7 handlers.
2023.12.24 05:53:27,959	INFO	1	handlers.MasterHandler	TargetHandler: Loaded 22 handlers.
2023.12.24 05:53:27,959	INFO	1	handlers.MasterHandler	AffectObjectHandler: Loaded 11 handlers.
2023.12.24 05:53:27,959	INFO	1	handlers.MasterHandler	AffectScopeHandler: Loaded 19 handlers.
2023.12.24 05:53:27,959	INFO	1	handlers.MasterHandler	PlayerActionHandler: Loaded 24 handlers.
2023.12.24 05:53:27,959	INFO	1	handlers.MasterHandler	Handlers Loaded...
2023.12.24 05:53:31,586	INFO	1	org.l2jmobius.gameserver.instancemanager.GrandBossManager	GrandBossManager: Updated Zaken(29022) status to 0.
2023.12.24 05:53:31,613	INFO	1	ai.others.ClassMaster.ClassMaster	ClassMaster: Loaded 0 class change options.
2023.12.24 05:53:31,713	INFO	1	org.l2jmobius.gameserver.model.quest.Quest	Event Battle With Keber has passed... Ignored 
2023.12.24 05:53:31,717	INFO	1	org.l2jmobius.gameserver.model.quest.Quest	Event Blossom Festival has passed... Ignored 
2023.12.24 05:53:31,721	INFO	1	org.l2jmobius.gameserver.model.quest.Quest	Event Chef Monkey Event has passed... Ignored 
2023.12.24 05:53:31,724	INFO	1	org.l2jmobius.gameserver.model.quest.Quest	Event DefeatTheQueen has passed... Ignored 
2023.12.24 05:53:31,728	INFO	1	org.l2jmobius.gameserver.model.quest.Quest	Event Eve the Fortune Teller has passed... Ignored 
2023.12.24 05:53:31,735	INFO	1	org.l2jmobius.gameserver.model.quest.Quest	Event Happy Hours has passed... Ignored 
2023.12.24 05:53:31,741	INFO	1	org.l2jmobius.gameserver.model.quest.Quest	Event Holiday out of Schedule has passed... Ignored 
2023.12.24 05:53:31,745	INFO	1	org.l2jmobius.gameserver.model.quest.Quest	Event Merry Squashmas Event has passed... Ignored 
2023.12.24 05:53:31,749	INFO	1	org.l2jmobius.gameserver.model.quest.Quest	Event Squash Event has passed... Ignored 
2023.12.24 05:53:31,753	INFO	1	org.l2jmobius.gameserver.model.quest.Quest	Event The Power Of Love has passed... Ignored 
2023.12.24 05:53:31,756	INFO	1	org.l2jmobius.gameserver.model.quest.Quest	Event Total Recall has passed... Ignored 
2023.12.24 05:53:31,762	INFO	1	org.l2jmobius.gameserver.model.quest.Quest	Event Watermelon Ninja has passed... Ignored 
2023.12.24 05:53:31,958	INFO	1	org.l2jmobius.gameserver.data.xml.SpawnData	SpawnData: Initializing spawns...
2023.12.24 05:53:35,765	INFO	1	org.l2jmobius.gameserver.instancemanager.DBSpawnManager	DBSpawnManager: Loaded 93 instances.
2023.12.24 05:53:35,765	INFO	1	org.l2jmobius.gameserver.instancemanager.DBSpawnManager	DBSpawnManager: Scheduled 0 instances.
2023.12.24 05:53:39,177	INFO	1	org.l2jmobius.gameserver.data.xml.SpawnData	SpawnData: All spawns has been initialized!
2023.12.24 05:53:39,177	INFO	1	org.l2jmobius.gameserver.GameServer	---------------------------------------------------=[ Siege ]
2023.12.24 05:53:39,186	INFO	1	org.l2jmobius.gameserver.data.xml.SiegeScheduleData	SiegeScheduleData: Loaded 2 siege schedulers.
2023.12.24 05:53:39,187	INFO	1	org.l2jmobius.gameserver.model.siege.Siege	Siege of Giran: Sun Dec 31 16:00:00 BRT 2023
2023.12.24 05:53:39,189	INFO	1	org.l2jmobius.gameserver.model.siege.Siege	Siege of Goddard: Tue Jan 02 16:00:00 BRT 2024
2023.12.24 05:53:39,199	INFO	1	org.l2jmobius.gameserver.instancemanager.FortManager	FortManager: Loaded 1 fortress.
2023.12.24 05:53:39,213	INFO	1	org.l2jmobius.gameserver.instancemanager.CastleManorManager	CastleManorManager: Manor system is deactivated.
2023.12.24 05:53:39,222	INFO	1	org.l2jmobius.gameserver.instancemanager.SiegeGuardManager	SiegeGuardManager: Loaded 0 siege guards tickets.
2023.12.24 05:53:39,222	INFO	1	org.l2jmobius.gameserver.instancemanager.QuestManager	QuestManager: Loaded 116 quests.
2023.12.24 05:53:39,222	INFO	1	org.l2jmobius.gameserver.instancemanager.QuestManager	QuestManager: Loaded 177 scripts.
2023.12.24 05:53:39,235	INFO	1	org.l2jmobius.gameserver.taskmanager.TaskManager	TaskManager: Loaded 5 Tasks.
2023.12.24 05:53:39,239	INFO	1	org.l2jmobius.gameserver.instancemanager.DailyTaskManager	DailyTaskManager: Next schedule at 24/12 06:30.
2023.12.24 05:53:39,250	INFO	1	org.l2jmobius.gameserver.instancemanager.MailManager	MailManager: Loaded 11 messages.
2023.12.24 05:53:39,254	INFO	1	org.l2jmobius.gameserver.instancemanager.PunishmentManager	PunishmentManager: Loaded 0 active and 1 expired punishments.
2023.12.24 05:53:39,256	INFO	1	org.l2jmobius.gameserver.GameServer	IdManager: Free ObjectID's remaining: 1878986626
2023.12.24 05:53:39,258	INFO	1	org.l2jmobius.gameserver.data.sql.OfflineTraderTable	OfflineTraderTable: Loading offline traders...
2023.12.24 05:53:39,259	INFO	1	org.l2jmobius.gameserver.data.sql.OfflineTraderTable	OfflineTraderTable: Loaded 0 offline traders.
2023.12.24 05:53:39,821	INFO	1	org.l2jmobius.gameserver.GameServer	GameServer: Started, using 2831 of 3296 MB total memory.
2023.12.24 05:53:39,822	INFO	1	org.l2jmobius.gameserver.GameServer	GameServer: Maximum number of connected players is 2000.
2023.12.24 05:53:39,822	INFO	1	org.l2jmobius.gameserver.GameServer	GameServer: Server loaded in 30 seconds.
2023.12.24 05:53:39,829	INFO	106	org.l2jmobius.commons.network.NetServer	GameServer: Listening on port 7777 for incoming connections.
2023.12.24 05:53:39,834	INFO	107	org.l2jmobius.gameserver.LoginServerThread	LoginServerThread: Connecting to login on 127.0.0.1:9014
2023.12.24 05:53:39,917	INFO	107	org.l2jmobius.gameserver.LoginServerThread	LoginServerThread: Registered on login as Server 2: Sieghardt
2023.12.24 05:54:43,539	WARNING	21	org.l2jmobius.gameserver.Shutdown	Server scheduled restart issued shutdown command. Shutdown in 1 seconds!
2023.12.24 05:54:44,553	WARNING	120	org.l2jmobius.gameserver.Shutdown	GM shutdown countdown is over. shutting down NOW!
2023.12.24 05:54:44,554	INFO	120	org.l2jmobius.gameserver.Shutdown	All players disconnected and saved(0ms).
2023.12.24 05:54:44,554	INFO	120	org.l2jmobius.gameserver.Shutdown	Game Time Task Manager: Thread interruped(1ms).
2023.12.24 05:54:44,554	INFO	120	org.l2jmobius.commons.threads.ThreadPool	ThreadPool: Shutting down.
2023.12.24 05:54:44,554	INFO	120	org.l2jmobius.gameserver.Shutdown	Thread Pool Manager: Manager has been shut down(0ms).
2023.12.24 05:54:44,554	INFO	120	org.l2jmobius.gameserver.Shutdown	Login Server Thread: Thread interruped(0ms).
2023.12.24 05:54:44,555	INFO	120	org.l2jmobius.gameserver.Shutdown	GM shutdown received. Shutting down NOW!
2023.12.24 05:54:44,565	INFO	120	org.l2jmobius.gameserver.Shutdown	RaidBossSpawnManager: All raidboss info saved(10ms).
2023.12.24 05:54:44,570	INFO	120	org.l2jmobius.gameserver.Shutdown	GrandBossManager: All Grand Boss info saved(5ms).
2023.12.24 05:54:44,570	INFO	120	org.l2jmobius.gameserver.Shutdown	Item Auction Manager: All tasks stopped(0ms).
2023.12.24 05:54:44,571	INFO	120	org.l2jmobius.gameserver.Shutdown	Olympiad System: Data saved(1ms).
2023.12.24 05:54:44,571	INFO	120	org.l2jmobius.gameserver.Shutdown	Hero System: Data saved(0ms).
2023.12.24 05:54:44,572	INFO	120	org.l2jmobius.gameserver.Shutdown	Clan System: Data saved(1ms).
2023.12.24 05:54:44,623	INFO	120	org.l2jmobius.gameserver.Shutdown	Revenge History Manager: Data saved(51ms).
2023.12.24 05:54:44,624	INFO	120	org.l2jmobius.gameserver.Shutdown	Cursed Weapons Manager: Data saved(0ms).
2023.12.24 05:54:44,625	INFO	120	org.l2jmobius.gameserver.Shutdown	Castle Manor Manager: Data saved(2ms).
2023.12.24 05:54:44,626	INFO	120	org.l2jmobius.gameserver.Shutdown	Quest Manager: Data saved(1ms).
2023.12.24 05:54:44,639	INFO	120	org.l2jmobius.gameserver.instancemanager.GlobalVariablesManager	GlobalVariablesManager: Stored 7 variables.
2023.12.24 05:54:44,639	INFO	120	org.l2jmobius.gameserver.Shutdown	Global Variables Manager: Variables saved(13ms).
2023.12.24 05:54:44,660	INFO	120	org.l2jmobius.gameserver.Shutdown	SchemeBufferTable data has been saved.
2023.12.24 05:54:44,660	INFO	120	org.l2jmobius.gameserver.Shutdown	World Exchange Manager: Data saved(21ms).
2023.12.24 05:54:44,661	INFO	120	org.l2jmobius.gameserver.Shutdown	Bot Report Table: Successfully saved reports to database!
2023.12.24 05:54:49,673	INFO	120	org.l2jmobius.gameserver.Shutdown	Database Factory: Database connection has been shut down(7ms).
2023.12.24 05:54:49,673	INFO	120	org.l2jmobius.gameserver.Shutdown	The server has been successfully shut down in 5seconds.
